{"name": "test_eval_1[7*5-30]", "status": "failed", "statusDetails": {"message": "AssertionError: assert 35 == 30\n +  where 35 = eval('7*5')", "trace": "test_input = '7*5', expected = 30\n\n    @pytest.mark.parametrize('test_input,expected',[('3+5',8),\n                             ('2-1',1),('7*5',30)])\n    def test_eval_1(test_input,expected):\n>       assert eval(test_input)==expected   # eval把字符串转换成表达式\nE       AssertionError: assert 35 == 30\nE        +  where 35 = eval('7*5')\n\ntest_demo.py:7: AssertionError"}, "parameters": [{"name": "test_input", "value": "'7*5'"}, {"name": "expected", "value": "30"}], "start": 1663130489504, "stop": 1663130489504, "uuid": "906682f4-9029-48b3-800a-0a5d52069023", "historyId": "31437a8dd91f425234d3bb7d373a6b58", "testCaseId": "9f5fc708ce575f37192fcaaab61988d4", "fullName": "test_case.demo_case.stu_demo.test_demo#test_eval_1", "labels": [{"name": "parentSuite", "value": "test_case.demo_case.stu_demo"}, {"name": "suite", "value": "test_demo"}, {"name": "host", "value": "我不帅"}, {"name": "thread", "value": "15552-MainThread"}, {"name": "framework", "value": "pytest"}, {"name": "language", "value": "cpython3"}, {"name": "package", "value": "test_case.demo_case.stu_demo.test_demo"}]}