{"name": "test_eval_2[7*5-30]", "status": "failed", "statusDetails": {"message": "AssertionError: assert 35 == 30\n +  where 35 = eval('7*5')", "trace": "test_input = '7*5', expected = 30\n\n    @pytest.mark.parametrize('test_input,expected',[('3+5',8),\n    ('2-1',1),('7*5',30)])\n    def test_eval_2(test_input,expected):\n>       assert eval(test_input)==expected\nE       AssertionError: assert 35 == 30\nE        +  where 35 = eval('7*5')\n\ntest_demo.py:14: AssertionError"}, "parameters": [{"name": "test_input", "value": "'7*5'"}, {"name": "expected", "value": "30"}], "start": 1663130373640, "stop": 1663130373640, "uuid": "a58a7dd5-5283-4bc0-9f24-fdf872ba9ceb", "historyId": "60aa386ce3a524578d037f8c246358d9", "testCaseId": "4a96b9bee4b19b1cdeac3c287387c9ed", "fullName": "test_case.demo_case.stu_demo.test_demo#test_eval_2", "labels": [{"name": "parentSuite", "value": "test_case.demo_case.stu_demo"}, {"name": "suite", "value": "test_demo"}, {"name": "host", "value": "我不帅"}, {"name": "thread", "value": "10500-MainThread"}, {"name": "framework", "value": "pytest"}, {"name": "language", "value": "cpython3"}, {"name": "package", "value": "test_case.demo_case.stu_demo.test_demo"}]}